[18836:31844:2023-9-28 10:43:45.604] Main Start
[18836:31844:2023-9-28 10:43:45.604] Command line:"C:\Users\Vish\Downloads\Zoom_cm_ds_mYX9NYHILFX8c2DU3Y2+8F19KbXggdraP8S3I@pjQ6nIMY8ifsrQf4_kfb198b7dac80095d_.exe"  Instance:0x940000 Show State:1
[18836:31844:2023-9-28 10:43:45.669] C:\
[18836:32892:2023-9-28 10:43:45.675] [process_requst] start, url:https://zoom.us/conf/launch
[18836:32892:2023-9-28 10:43:46.717] [req_state_read_status_code] zHttpQueryInfo complete, status:200
[18836:32892:2023-9-28 10:43:46.717] [req_state_read_status_code] zHttpQueryInfo complete, status:200 Error: 0
[18836:32892:2023-9-28 10:43:46.717] [read_response_content] API call zHttpQueryInfo failed, error: 12150
[18836:32892:2023-9-28 10:43:46.717] [log_response_content] Content length (1048576 as unknown):1048576 , Total read: 1544 , Error No: 0 , Status code: 200
[18836:32892:2023-9-28 10:43:46.717] [log_response_content] header:
[18836:32892:2023-9-28 10:43:46.717] HTTP/1.1 200 OK
Date: Thu, 28 Sep 2023 05:13:47 GMT
Content-Type: text/plain;charset=utf-8
Transfer-Encoding: chunked
Connection: keep-alive
x-zm-trackingid: v=2.0;clid=aw1;rid=WEB_1866fef3e87086a798e636d4371e21a8
x-content-type-options: nosniff
content-security-policy: upgrade-insecure-requests; default-src https://*.zoom.us https://zoom.us blob: 'self'; img-src https: about: blob: data: 'self'; style-src https: safari-extension: chrome-extension: 'unsafe-inline' data: 'self'; font-src https: safari-extension: chrome-extension: blob: data: 'self'; connect-src * about: blob: data: 'self'; media-src * rtmp: blob: data: 'self'; frame-src https: ms-appx-web: zoommtg: zoomus: wvjbscheme: zoomprc: data: blob: 'self'; object-src 'none'; base-uri 'none';
x-frame-options: SAMEORIGIN
set-cookie: zm_aid=""; Domain=.zoom.us; Expires=Thu, 01-Jan-1970 00:00:10 GMT; Path=/; Secure; HttpOnly
x-zm-zoneid: VA2
strict-transport-security: max-age=31536000; includeSubDomains
x-xss-protection: 1; mode=block
referrer-policy: strict-origin-when-cross-origin
CF-Cache-Status: DYNAMIC
Set-Cookie: zm_haid=""; Domain=.zoom.us; Expires=Thu, 01-Jan-1970 00:00:10 GMT; Path=/; Secure; HttpOnly
Set-Cookie: zm_tmaid=""; Domain=.zoom.us; Expires=Thu, 01-Jan-1970 00:00:10 GMT; Path=/; Secure; HttpOnly
Set-Cookie: zm_htmaid=""; Domain=.zoom.us; Expires=Thu, 01-Jan-1970 00:00:10 GMT; Path=/; Secure; HttpOnly
Set-Cookie: cred=2D6BA942D90FA33E3437CA31D9B3A805; Path=/; Secure; HttpOnly
Set-Cookie: _zm_page_auth=aw1_c_Le3w-VoHQ0Wg-aiQQmHXmA; Domain=.zoom.us; Path=/; Secure; HttpOnly
Set-Cookie: _zm_ssid=aw1_c_LQOpidYnTlqm0ZpZB7ZCqw; Domain=.zoom.us; Path=/; Secure; HttpOnly
Set-Cookie: _zm_ctaid=DFHnwmQ3Rbqr7Gz4NAA2bA.1695878027279.666a9cd28ff18c94ad268ca0de8ac55f; Domain=.zoom.us; Expires=Thu, 28-Sep-2023 07:13:47 GMT; Path=/; Secure; HttpOnly
Set-Cookie: _zm_chtaid=566; Domain=.zoom.us; Expires=Thu, 28-Sep-2023 07:13:47 GMT; Path=/; Secure; HttpOnly
Set-Cookie: _zm_mtk_guid=0b902c3cdea94e7d9093abce678861ff; Domain=.zoom.us; Expires=Sat, 27-Sep-2025 05:13:47 GMT; Path=/; Secure
Set-Cookie: __cf_bm=nk_vD0DJ75rvt4DAADMIQE_iOfp4Rme_rmDa3uy68JY-1695878027-0-ATLHGEk5VtGuaZmKCg1T9qm6PVYLMELaSKRbAM7tdF6k0H9dxb32QstBx6mj3uaB/k/G1B4DzERFuETs3uMDPdQ=; path=/; expires=Thu, 28-Sep-23 05:43:47 GMT; domain=.zoom.us; HttpOnly; Secure; SameSite=None
Report-To: {"endpoints":[{"url":"https:\/\/a.nel.cloudflare.com\/report\/v3?s=PEQCsLjWHFZBdZoBimb7Mc5Qve7WUBkmwBHgfunXi45Z1KrI6JlQhGU4Vk%2BVQ3LUE6KiBfWdeoAKn6bcZrc%2BKHyz8ZF3jQGZg675pjokCroeavMoebk1DY8%3D"}],"group":"cf-nel","max_age":604800}
NEL: {"success_fraction":0.01,"report_to":"cf-nel","max_age":604800}
Server: cloudflare
CF-RAY: 80d97fc5af54ecb1-DEL
alt-svc: h3=":443"; ma=86400


[18836:32892:2023-9-28 10:43:46.717] [process_requst] End for url:https://zoom.us/conf/launch, return code:200, Error:0, Response content size:1544
[18836:31844:2023-9-28 10:43:46.733] [client_has_installed_app] found path:
[18836:31844:2023-9-28 10:43:46.733]  ***NULL-POINTER-PLACEHOLDER***
[18836:31844:2023-9-28 10:43:46.733] [param_query_local_path] path is: C:\Users\Vish\AppData\Roaming\Zoom\ZoomDownload\ dir create response : 1 system error: 1008
[18836:31844:2023-9-28 10:43:46.733] [downloader_run] State:0
[18836:31092:2023-9-28 10:43:46.743] [process_requst] start, url:https://zoom.us/client/latest/Installer.exe?archType=x64
[18836:31844:2023-9-28 10:43:46.743] [client_has_installed_app] found path:
[18836:31844:2023-9-28 10:43:46.743]  ***NULL-POINTER-PLACEHOLDER***
[18836:31092:2023-9-28 10:43:49.235] [req_state_read_status_code] zHttpQueryInfo complete, status:200
[18836:31092:2023-9-28 10:43:49.235] [req_state_read_status_code] zHttpQueryInfo complete, status:200 Error: 0
[18836:31092:2023-9-28 10:43:51.496] [read_response_file] Status Code:200, content length: 1020232, total read: 1020232, error code: 0
[18836:31092:2023-9-28 10:43:51.500] [process_requst] End for url:https://zoom.us/client/latest/Installer.exe?archType=x64, return code:200, Error:0, Response content size:0
[18836:31844:2023-9-28 10:43:51.548] [handle_download_job_done] Index: 1 Curr index: 1 StatusCode: 200 Error: 0 Response is Empty. 
[18836:31092:2023-9-28 10:43:51.958] [process_requst] start, url:https://zoom.us/client/latest/Zoom.msi?archType=x64
[18836:31844:2023-9-28 10:43:52.116] [downloader_cancel] State:1
[18836:31092:2023-9-28 10:43:52.543] [req_state_read_status_code] zHttpQueryInfo complete, status:200
[18836:31092:2023-9-28 10:43:52.543] [req_state_read_status_code] zHttpQueryInfo complete, status:200 Error: 0
[18836:31092:2023-9-28 10:43:52.702] [read_response_file] Status Code:200, content length: 35038394, total read: 16384, error code: 1011
[18836:31092:2023-9-28 10:43:52.719] [process_requst] End for url:https://zoom.us/client/latest/Zoom.msi?archType=x64, return code:200, Error:1011, Response content size:0
[18836:31844:2023-9-28 10:43:52.767] Main End
